<?xml version="1.0" encoding="UTF-8"?>
<robot generator="Robot 5.0 (Python 3.10.2 on win32)" generated="20220427 22:04:06.119" rpa="false" schemaversion="3">
<suite id="s1" name="Consulta Petz Prof" source="C:\Users\ricar\PycharmProjects\133PetsRobotFramework2\consulta_petz_prof.robot">
<test id="s1-t1" name="Consulta Produto com Clique na Lupa" line="15">
<kw name="Dado que acesso o site como cliente">
<kw name="Open Browser" library="SeleniumLibrary">
<arg>${url}</arg>
<arg>${browser}</arg>
<doc>Opens a new browser instance to the optional ``url``.</doc>
<msg timestamp="20220427 22:04:06.373" level="INFO">Opening browser 'Chrome' to base url 'https://www.petz.com.br'.</msg>
<status status="PASS" starttime="20220427 22:04:06.373" endtime="20220427 22:04:11.882"/>
</kw>
<status status="PASS" starttime="20220427 22:04:06.373" endtime="20220427 22:04:11.882"/>
</kw>
<kw name="Quando escrevo &quot;Ração&quot; na barra de pesquisa" sourcename="Quando escrevo &quot;${palavra_chave}&quot; na barra de pesquisa">
<kw name="Convert To Upper Case" library="String">
<arg>${palavra_chave}</arg>
<doc>Converts string to upper case.</doc>
<status status="PASS" starttime="20220427 22:04:11.883" endtime="20220427 22:04:11.883"/>
</kw>
<kw name="Set Test Variable" library="BuiltIn">
<arg>${palavra_chave}</arg>
<doc>Makes a variable available everywhere within the scope of the current test.</doc>
<msg timestamp="20220427 22:04:11.884" level="INFO">${palavra_chave} = Ração</msg>
<status status="PASS" starttime="20220427 22:04:11.883" endtime="20220427 22:04:11.884"/>
</kw>
<kw name="Input Text" library="SeleniumLibrary">
<arg>name = q</arg>
<arg>${palavra_chave}</arg>
<doc>Types the given ``text`` into the text field identified by ``locator``.</doc>
<msg timestamp="20220427 22:04:11.884" level="INFO">Typing text 'Ração' into text field 'name = q'.</msg>
<status status="PASS" starttime="20220427 22:04:11.884" endtime="20220427 22:04:12.022"/>
</kw>
<status status="PASS" starttime="20220427 22:04:11.883" endtime="20220427 22:04:12.022"/>
</kw>
<kw name="E clico no botao da lupa">
<kw name="Click Button" library="SeleniumLibrary">
<arg>class = button-search</arg>
<doc>Clicks the button identified by ``locator``.</doc>
<msg timestamp="20220427 22:04:12.023" level="INFO">Clicking button 'class = button-search'.</msg>
<status status="PASS" starttime="20220427 22:04:12.023" endtime="20220427 22:04:12.119"/>
</kw>
<status status="PASS" starttime="20220427 22:04:12.022" endtime="20220427 22:04:12.119"/>
</kw>
<kw name="Entao exibe um grid e a frase do resultado esperado">
<kw name="Element Should Contain" library="SeleniumLibrary">
<arg>css = h1.h2Categoria.nomeCategoria</arg>
<arg>RESULTADOS PARA "${palavra_chave}"</arg>
<doc>Verifies that element ``locator`` contains text ``expected``.</doc>
<msg timestamp="20220427 22:04:14.312" level="INFO" html="true">&lt;/td&gt;&lt;/tr&gt;&lt;tr&gt;&lt;td colspan="3"&gt;&lt;a href="selenium-screenshot-19.png"&gt;&lt;img src="selenium-screenshot-19.png" width="800px"&gt;&lt;/a&gt;</msg>
<msg timestamp="20220427 22:04:14.312" level="FAIL">Element with locator 'css = h1.h2Categoria.nomeCategoria' not found.</msg>
<status status="FAIL" starttime="20220427 22:04:12.120" endtime="20220427 22:04:14.314"/>
</kw>
<status status="FAIL" starttime="20220427 22:04:12.119" endtime="20220427 22:04:14.315"/>
</kw>
<kw name="Feche o browser">
<status status="NOT RUN" starttime="20220427 22:04:14.315" endtime="20220427 22:04:14.315"/>
</kw>
<kw name="Close Browser" library="SeleniumLibrary" type="TEARDOWN">
<doc>Closes the current browser.</doc>
<status status="PASS" starttime="20220427 22:04:14.317" endtime="20220427 22:04:16.511"/>
</kw>
<tag>rapido</tag>
<status status="FAIL" starttime="20220427 22:04:06.371" endtime="20220427 22:04:16.512">Element with locator 'css = h1.h2Categoria.nomeCategoria' not found.</status>
</test>
<test id="s1-t2" name="Consulta Produto Apertando Enter" line="23">
<kw name="Dado que acesso o site como cliente">
<kw name="Open Browser" library="SeleniumLibrary">
<arg>${url}</arg>
<arg>${browser}</arg>
<doc>Opens a new browser instance to the optional ``url``.</doc>
<msg timestamp="20220427 22:04:16.515" level="INFO">Opening browser 'Chrome' to base url 'https://www.petz.com.br'.</msg>
<status status="PASS" starttime="20220427 22:04:16.515" endtime="20220427 22:04:21.322"/>
</kw>
<status status="PASS" starttime="20220427 22:04:16.515" endtime="20220427 22:04:21.323"/>
</kw>
<kw name="Quando escrevo &quot;Coleira&quot; na barra de pesquisa" sourcename="Quando escrevo &quot;${palavra_chave}&quot; na barra de pesquisa">
<kw name="Convert To Upper Case" library="String">
<arg>${palavra_chave}</arg>
<doc>Converts string to upper case.</doc>
<status status="PASS" starttime="20220427 22:04:21.324" endtime="20220427 22:04:21.325"/>
</kw>
<kw name="Set Test Variable" library="BuiltIn">
<arg>${palavra_chave}</arg>
<doc>Makes a variable available everywhere within the scope of the current test.</doc>
<msg timestamp="20220427 22:04:21.326" level="INFO">${palavra_chave} = Coleira</msg>
<status status="PASS" starttime="20220427 22:04:21.325" endtime="20220427 22:04:21.326"/>
</kw>
<kw name="Input Text" library="SeleniumLibrary">
<arg>name = q</arg>
<arg>${palavra_chave}</arg>
<doc>Types the given ``text`` into the text field identified by ``locator``.</doc>
<msg timestamp="20220427 22:04:21.328" level="INFO">Typing text 'Coleira' into text field 'name = q'.</msg>
<status status="PASS" starttime="20220427 22:04:21.326" endtime="20220427 22:04:21.679"/>
</kw>
<status status="PASS" starttime="20220427 22:04:21.323" endtime="20220427 22:04:21.679"/>
</kw>
<kw name="E aperto a tecla Enter">
<kw name="Press Keys" library="SeleniumLibrary">
<arg>name = q</arg>
<arg>ENTER</arg>
<doc>Simulates the user pressing key(s) to an element or on the active browser.</doc>
<msg timestamp="20220427 22:04:21.680" level="INFO">Sending key(s) ('ENTER',) to name = q element.</msg>
<msg timestamp="20220427 22:04:22.115" level="INFO">Pressing special key ENTER to element.</msg>
<msg timestamp="20220427 22:04:22.115" level="INFO">Releasing special key ENTER.</msg>
<status status="PASS" starttime="20220427 22:04:21.680" endtime="20220427 22:04:26.561"/>
</kw>
<status status="PASS" starttime="20220427 22:04:21.679" endtime="20220427 22:04:26.561"/>
</kw>
<kw name="Entao exibe um grid e a frase do resultado esperado">
<kw name="Element Should Contain" library="SeleniumLibrary">
<arg>css = h1.h2Categoria.nomeCategoria</arg>
<arg>RESULTADOS PARA "${palavra_chave}"</arg>
<doc>Verifies that element ``locator`` contains text ``expected``.</doc>
<msg timestamp="20220427 22:04:26.804" level="INFO" html="true">&lt;/td&gt;&lt;/tr&gt;&lt;tr&gt;&lt;td colspan="3"&gt;&lt;a href="selenium-screenshot-20.png"&gt;&lt;img src="selenium-screenshot-20.png" width="800px"&gt;&lt;/a&gt;</msg>
<msg timestamp="20220427 22:04:26.804" level="FAIL">Element 'css = h1.h2Categoria.nomeCategoria' should have contained text 'RESULTADOS PARA "Coleira"' but its text was 'RESULTADOS PARA "COLEIRA"'.</msg>
<status status="FAIL" starttime="20220427 22:04:26.562" endtime="20220427 22:04:26.805"/>
</kw>
<status status="FAIL" starttime="20220427 22:04:26.562" endtime="20220427 22:04:26.806"/>
</kw>
<kw name="Feche o browser">
<status status="NOT RUN" starttime="20220427 22:04:26.807" endtime="20220427 22:04:26.807"/>
</kw>
<kw name="Close Browser" library="SeleniumLibrary" type="TEARDOWN">
<doc>Closes the current browser.</doc>
<status status="PASS" starttime="20220427 22:04:26.808" endtime="20220427 22:04:29.107"/>
</kw>
<tag>rapido</tag>
<status status="FAIL" starttime="20220427 22:04:16.514" endtime="20220427 22:04:29.109">Element 'css = h1.h2Categoria.nomeCategoria' should have contained text 'RESULTADOS PARA "Coleira"' but its text was 'RESULTADOS PARA "COLEIRA"'.</status>
</test>
<doc>Consultas no site da Petz</doc>
<status status="FAIL" starttime="20220427 22:04:06.121" endtime="20220427 22:04:29.115"/>
</suite>
<statistics>
<total>
<stat pass="0" fail="2" skip="0">All Tests</stat>
</total>
<tag>
<stat pass="0" fail="2" skip="0">rapido</stat>
</tag>
<suite>
<stat pass="0" fail="2" skip="0" id="s1" name="Consulta Petz Prof">Consulta Petz Prof</stat>
</suite>
</statistics>
<errors>
</errors>
</robot>
