<?xml version="1.0" encoding="UTF-8"?>
<robot generator="Robot 5.0 (Python 3.10.2 on win32)" generated="20220427 21:27:14.781" rpa="false" schemaversion="3">
<suite id="s1" name="Consulta Petz" source="C:\Users\ricar\PycharmProjects\133PetsRobotFramework2\consulta_petz.robot">
<test id="s1-t1" name="Consulta produto" line="14">
<kw name="Dado que como cliente acessei o site">
<kw name="Open Browser" library="SeleniumLibrary">
<arg>${url}</arg>
<arg>${browser}</arg>
<doc>Opens a new browser instance to the optional ``url``.</doc>
<msg timestamp="20220427 21:27:15.001" level="INFO">Opening browser 'Chrome' to base url 'https://www.petz.com.br'.</msg>
<status status="PASS" starttime="20220427 21:27:15.001" endtime="20220427 21:27:20.344"/>
</kw>
<status status="PASS" starttime="20220427 21:27:15.001" endtime="20220427 21:27:20.345"/>
</kw>
<kw name="Quando inseri o texto &quot;Ração&quot; no campo de busca" sourcename="Quando inseri o texto &quot;${palavra_chave}&quot; no campo de busca">
<kw name="Set Test Variable" library="BuiltIn">
<arg>${palavra_chave}</arg>
<doc>Makes a variable available everywhere within the scope of the current test.</doc>
<msg timestamp="20220427 21:27:20.348" level="INFO">${palavra_chave} = Ração</msg>
<status status="PASS" starttime="20220427 21:27:20.347" endtime="20220427 21:27:20.348"/>
</kw>
<kw name="Input Text" library="SeleniumLibrary">
<arg>name = q</arg>
<arg>${palavra_chave}</arg>
<doc>Types the given ``text`` into the text field identified by ``locator``.</doc>
<msg timestamp="20220427 21:27:20.349" level="INFO">Typing text 'Ração' into text field 'name = q'.</msg>
<status status="PASS" starttime="20220427 21:27:20.348" endtime="20220427 21:27:20.491"/>
</kw>
<status status="PASS" starttime="20220427 21:27:20.346" endtime="20220427 21:27:20.491"/>
</kw>
<kw name="E cliquei no botao da lupa">
<kw name="Click Button" library="SeleniumLibrary">
<arg>class= button-search</arg>
<doc>Clicks the button identified by ``locator``.</doc>
<msg timestamp="20220427 21:27:20.493" level="INFO">Clicking button 'class= button-search'.</msg>
<status status="PASS" starttime="20220427 21:27:20.492" endtime="20220427 21:27:20.606"/>
</kw>
<status status="PASS" starttime="20220427 21:27:20.491" endtime="20220427 21:27:20.606"/>
</kw>
<kw name="Close Browser" library="SeleniumLibrary" type="TEARDOWN">
<doc>Closes the current browser.</doc>
<status status="PASS" starttime="20220427 21:27:20.607" endtime="20220427 21:27:22.828"/>
</kw>
<tag>rapido</tag>
<status status="PASS" starttime="20220427 21:27:15.000" endtime="20220427 21:27:22.828"/>
</test>
<doc>Consultas no site da Petz</doc>
<status status="PASS" starttime="20220427 21:27:14.783" endtime="20220427 21:27:22.830"/>
</suite>
<statistics>
<total>
<stat pass="1" fail="0" skip="0">All Tests</stat>
</total>
<tag>
<stat pass="1" fail="0" skip="0">rapido</stat>
</tag>
<suite>
<stat pass="1" fail="0" skip="0" id="s1" name="Consulta Petz">Consulta Petz</stat>
</suite>
</statistics>
<errors>
</errors>
</robot>
