<?xml version="1.0" encoding="UTF-8"?>
<robot generator="Robot 5.0 (Python 3.10.2 on win32)" generated="20220518 21:46:21.962" rpa="false" schemaversion="3">
<suite id="s1" name="Compra Blazedemo" source="C:\Users\ricar\PycharmProjects\133PetsRobotFramework2\compra_blazedemo.robot">
<test id="s1-t1" name="Compra de Passagem" line="15">
<kw name="Open Browser" library="SeleniumLibrary" type="SETUP">
<arg>${url}</arg>
<arg>${browser}</arg>
<doc>Opens a new browser instance to the optional ``url``.</doc>
<msg timestamp="20220518 21:46:22.180" level="INFO">Opening browser 'Chrome' to base url 'https://www.blazedemo.com'.</msg>
<status status="PASS" starttime="20220518 21:46:22.180" endtime="20220518 21:46:24.404"/>
</kw>
<kw name="Dado que acesso o site blazedemo">
<kw name="Wait Until Element Is Visible" library="SeleniumLibrary">
<arg>xpath = //h1</arg>
<arg>30000ms</arg>
<doc>Waits until the element ``locator`` is visible.</doc>
<status status="PASS" starttime="20220518 21:46:24.406" endtime="20220518 21:46:24.443"/>
</kw>
<status status="PASS" starttime="20220518 21:46:24.405" endtime="20220518 21:46:24.443"/>
</kw>
<kw name="Quando seleciono a origem como &quot;São Paolo&quot;" sourcename="Quando seleciono a origem como &quot;${origem}&quot;">
<kw name="Set Test Variable" library="BuiltIn">
<arg>${origem}</arg>
<doc>Makes a variable available everywhere within the scope of the current test.</doc>
<msg timestamp="20220518 21:46:24.445" level="INFO">${origem} = São Paolo</msg>
<status status="PASS" starttime="20220518 21:46:24.444" endtime="20220518 21:46:24.445"/>
</kw>
<kw name="Select From List By Label" library="SeleniumLibrary">
<arg>name = fromPort</arg>
<arg>${origem}</arg>
<doc>Selects options from selection list ``locator`` by ``labels``.</doc>
<msg timestamp="20220518 21:46:24.445" level="INFO">Selecting options from selection list 'name = fromPort' by label São Paolo.</msg>
<status status="PASS" starttime="20220518 21:46:24.445" endtime="20220518 21:46:24.504"/>
</kw>
<status status="PASS" starttime="20220518 21:46:24.444" endtime="20220518 21:46:24.504"/>
</kw>
<kw name="E seleciono o destino como &quot;London&quot;" sourcename="E seleciono o destino como &quot;${destino}&quot;">
<kw name="Set Test Variable" library="BuiltIn">
<arg>${destino}</arg>
<doc>Makes a variable available everywhere within the scope of the current test.</doc>
<msg timestamp="20220518 21:46:24.505" level="INFO">${destino} = London</msg>
<status status="PASS" starttime="20220518 21:46:24.505" endtime="20220518 21:46:24.506"/>
</kw>
<kw name="Select From List By Label" library="SeleniumLibrary">
<arg>name = toPort</arg>
<arg>${destino}</arg>
<doc>Selects options from selection list ``locator`` by ``labels``.</doc>
<msg timestamp="20220518 21:46:24.506" level="INFO">Selecting options from selection list 'name = toPort' by label London.</msg>
<status status="PASS" starttime="20220518 21:46:24.506" endtime="20220518 21:46:24.563"/>
</kw>
<status status="PASS" starttime="20220518 21:46:24.505" endtime="20220518 21:46:24.564"/>
</kw>
<kw name="E clico no botão Find Flights">
<kw name="Click Button" library="SeleniumLibrary">
<arg>class = btn.btn-primary</arg>
<doc>Clicks the button identified by ``locator``.</doc>
<msg timestamp="20220518 21:46:24.565" level="INFO">Clicking button 'class = btn.btn-primary'.</msg>
<status status="PASS" starttime="20220518 21:46:24.565" endtime="20220518 21:46:24.974"/>
</kw>
<status status="PASS" starttime="20220518 21:46:24.564" endtime="20220518 21:46:24.974"/>
</kw>
<kw name="Então exibe uma lista de voos para o trecho desejado">
<kw name="Wait Until Element Is Visible" library="SeleniumLibrary">
<arg>xpath = //h3</arg>
<arg>30000ms</arg>
<doc>Waits until the element ``locator`` is visible.</doc>
<status status="PASS" starttime="20220518 21:46:24.975" endtime="20220518 21:46:25.015"/>
</kw>
<kw name="Element Should Contain" library="SeleniumLibrary">
<arg>xpath = //h3</arg>
<arg>Flights from ${origem} to ${destino}</arg>
<doc>Verifies that element ``locator`` contains text ``expected``.</doc>
<msg timestamp="20220518 21:46:25.035" level="INFO">Element 'xpath = //h3' contains text 'Flights from São Paolo to London'.</msg>
<status status="PASS" starttime="20220518 21:46:25.015" endtime="20220518 21:46:25.035"/>
</kw>
<status status="PASS" starttime="20220518 21:46:24.975" endtime="20220518 21:46:25.035"/>
</kw>
<kw name="Quando seleciono o primeiro voo disponivel">
<kw name="Click Button" library="SeleniumLibrary">
<arg>class = btn.btn-small</arg>
<doc>Clicks the button identified by ``locator``.</doc>
<msg timestamp="20220518 21:46:25.036" level="INFO">Clicking button 'class = btn.btn-small'.</msg>
<status status="PASS" starttime="20220518 21:46:25.036" endtime="20220518 21:46:25.453"/>
</kw>
<status status="PASS" starttime="20220518 21:46:25.036" endtime="20220518 21:46:25.453"/>
</kw>
<kw name="E preencho o nome como &quot;Juca&quot;" sourcename="E preencho o nome como &quot;${nome}&quot;">
<kw name="Wait Until Element Is Enabled" library="SeleniumLibrary">
<arg>id = inputName</arg>
<doc>Waits until the element ``locator`` is enabled.</doc>
<status status="PASS" starttime="20220518 21:46:25.454" endtime="20220518 21:46:25.507"/>
</kw>
<kw name="Input Text" library="SeleniumLibrary">
<arg>id = inputName</arg>
<arg>${nome}</arg>
<doc>Types the given ``text`` into the text field identified by ``locator``.</doc>
<msg timestamp="20220518 21:46:25.507" level="INFO">Typing text 'Juca' into text field 'id = inputName'.</msg>
<status status="PASS" starttime="20220518 21:46:25.507" endtime="20220518 21:46:25.612"/>
</kw>
<status status="PASS" starttime="20220518 21:46:25.454" endtime="20220518 21:46:25.612"/>
</kw>
<kw name="E seleciono a bandeira como &quot;American Express&quot;" sourcename="E seleciono a bandeira como &quot;${bandeira}&quot;">
<kw name="Select From List By Label" library="SeleniumLibrary">
<arg>id= cardType</arg>
<arg>${bandeira}</arg>
<doc>Selects options from selection list ``locator`` by ``labels``.</doc>
<msg timestamp="20220518 21:46:25.613" level="INFO">Selecting options from selection list 'id= cardType' by label American Express.</msg>
<status status="PASS" starttime="20220518 21:46:25.613" endtime="20220518 21:46:25.691"/>
</kw>
<status status="PASS" starttime="20220518 21:46:25.613" endtime="20220518 21:46:25.691"/>
</kw>
<kw name="E marco a opcao Remember">
<kw name="Select Checkbox" library="SeleniumLibrary">
<arg>id= rememberMe</arg>
<doc>Selects the checkbox identified by ``locator``.</doc>
<msg timestamp="20220518 21:46:25.692" level="INFO">Selecting checkbox 'id= rememberMe'.</msg>
<status status="PASS" starttime="20220518 21:46:25.692" endtime="20220518 21:46:25.789"/>
</kw>
<status status="PASS" starttime="20220518 21:46:25.692" endtime="20220518 21:46:25.789"/>
</kw>
<kw name="E clico em Purchase Flight">
<kw name="Click Element" library="SeleniumLibrary">
<arg>class = btn.btn-primary</arg>
<doc>Click the element identified by ``locator``.</doc>
<msg timestamp="20220518 21:46:25.790" level="INFO">Clicking element 'class = btn.btn-primary'.</msg>
<status status="PASS" starttime="20220518 21:46:25.790" endtime="20220518 21:46:26.212"/>
</kw>
<status status="PASS" starttime="20220518 21:46:25.790" endtime="20220518 21:46:26.212"/>
</kw>
<kw name="Então exibe a mensagem de obrigado">
<kw name="Wait Until Element Is Visible" library="SeleniumLibrary">
<arg>xpath = //h1</arg>
<arg>30000ms</arg>
<doc>Waits until the element ``locator`` is visible.</doc>
<status status="PASS" starttime="20220518 21:46:26.214" endtime="20220518 21:46:26.238"/>
</kw>
<kw name="Element Should Contain" library="SeleniumLibrary">
<arg>xpath = //h1</arg>
<arg>Thank you for your purchase today!</arg>
<doc>Verifies that element ``locator`` contains text ``expected``.</doc>
<msg timestamp="20220518 21:46:26.260" level="INFO">Element 'xpath = //h1' contains text 'Thank you for your purchase today!'.</msg>
<status status="PASS" starttime="20220518 21:46:26.238" endtime="20220518 21:46:26.261"/>
</kw>
<status status="PASS" starttime="20220518 21:46:26.213" endtime="20220518 21:46:26.261"/>
</kw>
<kw name="E o valor como &quot;555 USD&quot;" sourcename="E o valor como &quot;${preco}&quot;">
<kw name="Element Should Contain" library="SeleniumLibrary">
<arg>xpath = //tbody/tr[3]/td[2]</arg>
<arg>${preco}</arg>
<doc>Verifies that element ``locator`` contains text ``expected``.</doc>
<msg timestamp="20220518 21:46:26.288" level="INFO">Element 'xpath = //tbody/tr[3]/td[2]' contains text '555 USD'.</msg>
<status status="PASS" starttime="20220518 21:46:26.262" endtime="20220518 21:46:26.288"/>
</kw>
<status status="PASS" starttime="20220518 21:46:26.262" endtime="20220518 21:46:26.288"/>
</kw>
<kw name="Close Browser" library="SeleniumLibrary" type="TEARDOWN">
<doc>Closes the current browser.</doc>
<status status="PASS" starttime="20220518 21:46:26.289" endtime="20220518 21:46:28.439"/>
</kw>
<tag>Regressao</tag>
<status status="PASS" starttime="20220518 21:46:22.179" endtime="20220518 21:46:28.440"/>
</test>
<doc>Teste do site Blazedemo</doc>
<status status="PASS" starttime="20220518 21:46:21.964" endtime="20220518 21:46:28.442"/>
</suite>
<statistics>
<total>
<stat pass="1" fail="0" skip="0">All Tests</stat>
</total>
<tag>
<stat pass="1" fail="0" skip="0">Regressao</stat>
</tag>
<suite>
<stat pass="1" fail="0" skip="0" id="s1" name="Compra Blazedemo">Compra Blazedemo</stat>
</suite>
</statistics>
<errors>
</errors>
</robot>
